<?xml version="1.0" encoding="UTF-8"?>
<testsuite xmlns:xsi="http://www.w3.org/2001/XMLSchema-instance" xsi:noNamespaceSchemaLocation="https://maven.apache.org/surefire/maven-surefire-plugin/xsd/surefire-test-report-3.0.xsd" version="3.0" name="TestSuite" time="96.366" tests="7" errors="0" skipped="0" failures="0">
  <properties>
[...]
</properties>
  <testcase name="runScenario[&quot;validating home page&quot;, &quot;Home Page Validation&quot;](1)" classname="cucumberDemo.testrunner.TestRunner$CucumberRunner" time="35.293">
    <system-out><![CDATA[
@HomePage @HomePageValidation
Scenario: validating home page                                    &amp#27;[90m# src/test/resources/Feature/homePage.feature:5&amp#27;[0m
Url is loaded
  &amp#27;[32mGiven &amp#27;[0m&amp#27;[32mI want to open application&amp#27;[0m                                &amp#27;[90m# cucumberDemo.stepDef.HomeStepDef.i_want_to_open_application()&amp#27;[0m
  &amp#27;[32mWhen &amp#27;[0m&amp#27;[32muser enters credentials &amp#27;[0m&amp#27;[32m&amp#27;[1m"standard_user"&amp#27;[0m&amp#27;[32m and &amp#27;[0m&amp#27;[32m&amp#27;[1m"secret_sauce"&amp#27;[0m &amp#27;[90m# cucumberDemo.stepDef.HomeStepDef.user_enters_credentials_and(java.lang.String,java.lang.String)&amp#27;[0m
Test.allTheThings() T-Shirt (Red)
Sauce Labs Onesie
Sauce Labs Fleece Jacket
Sauce Labs Backpack
  &amp#27;[32mThen &amp#27;[0m&amp#27;[32mvalidate sort options&amp#27;[0m                                      &amp#27;[90m# cucumberDemo.stepDef.HomeStepDef.validate_sort_options()&amp#27;[0m
Products added
After adding products cart number: 4
Products removed successfully
after removing products cart number: 2
https://www.saucedemo.com/inventory.html
https://saucelabs.com/
user logged out successfully
  &amp#27;[32mAnd &amp#27;[0m&amp#27;[32mvalidate menu options&amp#27;[0m                                       &amp#27;[90m# cucumberDemo.stepDef.HomeStepDef.validate_menu_options()&amp#27;[0m
]]></system-out>
    <system-err><![CDATA[SLF4J: No SLF4J providers were found.
SLF4J: Defaulting to no-operation (NOP) logger implementation
SLF4J: See https://www.slf4j.org/codes.html#noProviders for further details.
Starting ChromeDriver 114.0.5735.90 (386bc09e8f4f2e025eddae123f36f6263096ae49-refs/branch-heads/5735@{#1052}) on port 2053
Only local connections are allowed.
Please see https://chromedriver.chromium.org/security-considerations for suggestions on keeping ChromeDriver safe.
ChromeDriver was started successfully.
Jul 14, 2023 5:32:16 PM org.openqa.selenium.devtools.CdpVersionFinder findNearestMatch
WARNING: Unable to find an exact match for CDP version 114, so returning the closest version found: 113
]]></system-err>
  </testcase>
  <testcase name="runScenario[&quot;Login with different credentials&quot;, &quot;Login to Sauce Application&quot;](2)" classname="cucumberDemo.testrunner.TestRunner$CucumberRunner" time="8.875">
    <system-out><![CDATA[
@All @Login @invalidCredentials
Scenario Outline: Login with different credentials                           &amp#27;[90m# src/test/resources/Feature/sauceLogin.feature:12&amp#27;[0m
Url is loaded
  &amp#27;[32mGiven &amp#27;[0m&amp#27;[32mI want to open sauce lab application&amp#27;[0m                                 &amp#27;[90m# cucumberDemo.stepDef.LoginStepdef.loadUrl()&amp#27;[0m
  &amp#27;[32mWhen &amp#27;[0m&amp#27;[32mI login to the application with &amp#27;[0m&amp#27;[32m&amp#27;[1m"standard_user"&amp#27;[0m&amp#27;[32m and &amp#27;[0m&amp#27;[32m&amp#27;[1m""&amp#27;[0m                &amp#27;[90m# cucumberDemo.stepDef.LoginStepdef.loginWithInvalidInfo(java.lang.String,java.lang.String)&amp#27;[0m
Error Message: Epic sadface: Password is required
  &amp#27;[32mThen &amp#27;[0m&amp#27;[32mI validate the login page errors &amp#27;[0m&amp#27;[32m&amp#27;[1m"Epic sadface: Password is required"&amp#27;[0m &amp#27;[90m# cucumberDemo.stepDef.LoginStepdef.ValidateError(java.lang.String)&amp#27;[0m
]]></system-out>
    <system-err><![CDATA[Starting ChromeDriver 114.0.5735.90 (386bc09e8f4f2e025eddae123f36f6263096ae49-refs/branch-heads/5735@{#1052}) on port 34801
Only local connections are allowed.
Please see https://chromedriver.chromium.org/security-considerations for suggestions on keeping ChromeDriver safe.
ChromeDriver was started successfully.
Jul 14, 2023 5:32:47 PM org.openqa.selenium.devtools.CdpVersionFinder findNearestMatch
WARNING: Unable to find an exact match for CDP version 114, so returning the closest version found: 113
]]></system-err>
  </testcase>
  <testcase name="runScenario[&quot;Login with different credentials&quot;, &quot;Login to Sauce Application&quot;](3)" classname="cucumberDemo.testrunner.TestRunner$CucumberRunner" time="7.113">
    <system-out><![CDATA[
@All @Login @invalidCredentials
Scenario Outline: Login with different credentials                           &amp#27;[90m# src/test/resources/Feature/sauceLogin.feature:13&amp#27;[0m
Url is loaded
  &amp#27;[32mGiven &amp#27;[0m&amp#27;[32mI want to open sauce lab application&amp#27;[0m                                 &amp#27;[90m# cucumberDemo.stepDef.LoginStepdef.loadUrl()&amp#27;[0m
  &amp#27;[32mWhen &amp#27;[0m&amp#27;[32mI login to the application with &amp#27;[0m&amp#27;[32m&amp#27;[1m""&amp#27;[0m&amp#27;[32m and &amp#27;[0m&amp#27;[32m&amp#27;[1m"secret_sauce"&amp#27;[0m                 &amp#27;[90m# cucumberDemo.stepDef.LoginStepdef.loginWithInvalidInfo(java.lang.String,java.lang.String)&amp#27;[0m
Error Message: Epic sadface: Username is required
  &amp#27;[32mThen &amp#27;[0m&amp#27;[32mI validate the login page errors &amp#27;[0m&amp#27;[32m&amp#27;[1m"Epic sadface: Username is required"&amp#27;[0m &amp#27;[90m# cucumberDemo.stepDef.LoginStepdef.ValidateError(java.lang.String)&amp#27;[0m
]]></system-out>
    <system-err><![CDATA[Starting ChromeDriver 114.0.5735.90 (386bc09e8f4f2e025eddae123f36f6263096ae49-refs/branch-heads/5735@{#1052}) on port 6708
Only local connections are allowed.
Please see https://chromedriver.chromium.org/security-considerations for suggestions on keeping ChromeDriver safe.
ChromeDriver was started successfully.
Jul 14, 2023 5:32:56 PM org.openqa.selenium.devtools.CdpVersionFinder findNearestMatch
WARNING: Unable to find an exact match for CDP version 114, so returning the closest version found: 113
]]></system-err>
  </testcase>
  <testcase name="runScenario[&quot;Login with different credentials&quot;, &quot;Login to Sauce Application&quot;](4)" classname="cucumberDemo.testrunner.TestRunner$CucumberRunner" time="6.904">
    <system-out><![CDATA[
@All @Login @invalidCredentials
Scenario Outline: Login with different credentials                           &amp#27;[90m# src/test/resources/Feature/sauceLogin.feature:14&amp#27;[0m
Url is loaded
  &amp#27;[32mGiven &amp#27;[0m&amp#27;[32mI want to open sauce lab application&amp#27;[0m                                 &amp#27;[90m# cucumberDemo.stepDef.LoginStepdef.loadUrl()&amp#27;[0m
  &amp#27;[32mWhen &amp#27;[0m&amp#27;[32mI login to the application with &amp#27;[0m&amp#27;[32m&amp#27;[1m""&amp#27;[0m&amp#27;[32m and &amp#27;[0m&amp#27;[32m&amp#27;[1m""&amp#27;[0m                             &amp#27;[90m# cucumberDemo.stepDef.LoginStepdef.loginWithInvalidInfo(java.lang.String,java.lang.String)&amp#27;[0m
Error Message: Epic sadface: Username is required
  &amp#27;[32mThen &amp#27;[0m&amp#27;[32mI validate the login page errors &amp#27;[0m&amp#27;[32m&amp#27;[1m"Epic sadface: Username is required"&amp#27;[0m &amp#27;[90m# cucumberDemo.stepDef.LoginStepdef.ValidateError(java.lang.String)&amp#27;[0m
]]></system-out>
    <system-err><![CDATA[Starting ChromeDriver 114.0.5735.90 (386bc09e8f4f2e025eddae123f36f6263096ae49-refs/branch-heads/5735@{#1052}) on port 12922
Only local connections are allowed.
Please see https://chromedriver.chromium.org/security-considerations for suggestions on keeping ChromeDriver safe.
ChromeDriver was started successfully.
Jul 14, 2023 5:33:03 PM org.openqa.selenium.devtools.CdpVersionFinder findNearestMatch
WARNING: Unable to find an exact match for CDP version 114, so returning the closest version found: 113
]]></system-err>
  </testcase>
  <testcase name="runScenario[&quot;Login with different credentials&quot;, &quot;Login to Sauce Application&quot;](5)" classname="cucumberDemo.testrunner.TestRunner$CucumberRunner" time="7.338">
    <system-out><![CDATA[
@All @Login @invalidCredentials
Scenario Outline: Login with different credentials                                                                  &amp#27;[90m# src/test/resources/Feature/sauceLogin.feature:15&amp#27;[0m
Url is loaded
  &amp#27;[32mGiven &amp#27;[0m&amp#27;[32mI want to open sauce lab application&amp#27;[0m                                                                        &amp#27;[90m# cucumberDemo.stepDef.LoginStepdef.loadUrl()&amp#27;[0m
  &amp#27;[32mWhen &amp#27;[0m&amp#27;[32mI login to the application with &amp#27;[0m&amp#27;[32m&amp#27;[1m"standard_user"&amp#27;[0m&amp#27;[32m and &amp#27;[0m&amp#27;[32m&amp#27;[1m"1234"&amp#27;[0m                                                   &amp#27;[90m# cucumberDemo.stepDef.LoginStepdef.loginWithInvalidInfo(java.lang.String,java.lang.String)&amp#27;[0m
Error Message: Epic sadface: Username and password do not match any user in this service
  &amp#27;[32mThen &amp#27;[0m&amp#27;[32mI validate the login page errors &amp#27;[0m&amp#27;[32m&amp#27;[1m"Epic sadface: Username and password do not match any user in this service"&amp#27;[0m &amp#27;[90m# cucumberDemo.stepDef.LoginStepdef.ValidateError(java.lang.String)&amp#27;[0m
]]></system-out>
    <system-err><![CDATA[Starting ChromeDriver 114.0.5735.90 (386bc09e8f4f2e025eddae123f36f6263096ae49-refs/branch-heads/5735@{#1052}) on port 2370
Only local connections are allowed.
Please see https://chromedriver.chromium.org/security-considerations for suggestions on keeping ChromeDriver safe.
ChromeDriver was started successfully.
Jul 14, 2023 5:33:10 PM org.openqa.selenium.devtools.CdpVersionFinder findNearestMatch
WARNING: Unable to find an exact match for CDP version 114, so returning the closest version found: 113
]]></system-err>
  </testcase>
  <testcase name="runScenario[&quot;Login with different credentials&quot;, &quot;Login to Sauce Application&quot;](6)" classname="cucumberDemo.testrunner.TestRunner$CucumberRunner" time="8.067">
    <system-out><![CDATA[
@All @Login @invalidCredentials
Scenario Outline: Login with different credentials                                                                  &amp#27;[90m# src/test/resources/Feature/sauceLogin.feature:16&amp#27;[0m
Url is loaded
  &amp#27;[32mGiven &amp#27;[0m&amp#27;[32mI want to open sauce lab application&amp#27;[0m                                                                        &amp#27;[90m# cucumberDemo.stepDef.LoginStepdef.loadUrl()&amp#27;[0m
  &amp#27;[32mWhen &amp#27;[0m&amp#27;[32mI login to the application with &amp#27;[0m&amp#27;[32m&amp#27;[1m"standard"&amp#27;[0m&amp#27;[32m and &amp#27;[0m&amp#27;[32m&amp#27;[1m"secret_sauce"&amp#27;[0m                                                &amp#27;[90m# cucumberDemo.stepDef.LoginStepdef.loginWithInvalidInfo(java.lang.String,java.lang.String)&amp#27;[0m
Error Message: Epic sadface: Username and password do not match any user in this service
  &amp#27;[32mThen &amp#27;[0m&amp#27;[32mI validate the login page errors &amp#27;[0m&amp#27;[32m&amp#27;[1m"Epic sadface: Username and password do not match any user in this service"&amp#27;[0m &amp#27;[90m# cucumberDemo.stepDef.LoginStepdef.ValidateError(java.lang.String)&amp#27;[0m
]]></system-out>
    <system-err><![CDATA[Starting ChromeDriver 114.0.5735.90 (386bc09e8f4f2e025eddae123f36f6263096ae49-refs/branch-heads/5735@{#1052}) on port 46198
Only local connections are allowed.
Please see https://chromedriver.chromium.org/security-considerations for suggestions on keeping ChromeDriver safe.
ChromeDriver was started successfully.
Jul 14, 2023 5:33:17 PM org.openqa.selenium.devtools.CdpVersionFinder findNearestMatch
WARNING: Unable to find an exact match for CDP version 114, so returning the closest version found: 113
]]></system-err>
  </testcase>
  <testcase name="runScenario[&quot;Verify positive login scenario&quot;, &quot;Login to Sauce Application&quot;](7)" classname="cucumberDemo.testrunner.TestRunner$CucumberRunner" time="20.538">
    <system-out><![CDATA[
@All @Login @validCredentials
Scenario Outline: Verify positive login scenario                              &amp#27;[90m# src/test/resources/Feature/sauceLogin.feature:19&amp#27;[0m
Url is loaded
  &amp#27;[32mGiven &amp#27;[0m&amp#27;[32mUrl should be loaded&amp#27;[0m                                                  &amp#27;[90m# cucumberDemo.stepDef.LoginStepdef.urlLoad()&amp#27;[0m
  &amp#27;[32mAnd &amp#27;[0m&amp#27;[32mBrowser should be displayed&amp#27;[0m                                             &amp#27;[90m# cucumberDemo.stepDef.LoginStepdef.browserTitleShouldBeDisplayed()&amp#27;[0m
Login page is loaded successfully
  &amp#27;[32mAnd &amp#27;[0m&amp#27;[32mLogin page should be displayed&amp#27;[0m                                          &amp#27;[90m# cucumberDemo.stepDef.LoginStepdef.loginPageIsDisplayed()&amp#27;[0m
User entered username: standard_user
User entered password: secret_sauce
User logged in successfully
  &amp#27;[32mWhen &amp#27;[0m&amp#27;[32mUser enters username as &amp#27;[0m&amp#27;[32m&amp#27;[1m"standard_user"&amp#27;[0m&amp#27;[32m and password as &amp#27;[0m&amp#27;[32m&amp#27;[1m"secret_sauce"&amp#27;[0m &amp#27;[90m# cucumberDemo.stepDef.LoginStepdef.loginCredential(java.lang.String,java.lang.String)&amp#27;[0m
Home page is displayed
  &amp#27;[32mThen &amp#27;[0m&amp#27;[32mUser should land on homepage&amp#27;[0m                                           &amp#27;[90m# cucumberDemo.stepDef.LoginStepdef.homepageDisplay()&amp#27;[0m
Products added
Products removed successfully
prod1Name: Sauce Labs Backpack
prod2Name:Sauce Labs Bolt T-Shirt
  &amp#27;[32mThen &amp#27;[0m&amp#27;[32madd items to the cart and verify cart items&amp#27;[0m                            &amp#27;[90m# cucumberDemo.stepDef.LoginStepdef.add_items_to_the_cart_and_verify_cart_items()&amp#27;[0m
Information is Entered
  &amp#27;[32mThen &amp#27;[0m&amp#27;[32mgive user info &amp#27;[0m&amp#27;[32m&amp#27;[1m"Riya"&amp#27;[0m&amp#27;[32m and &amp#27;[0m&amp#27;[32m&amp#27;[1m"Singh"&amp#27;[0m&amp#27;[32m and &amp#27;[0m&amp#27;[32m&amp#27;[1m"560003"&amp#27;[0m                         &amp#27;[90m# cucumberDemo.stepDef.LoginStepdef.give_user_info_and_and(java.lang.String,java.lang.String,java.lang.String)&amp#27;[0m
logged out successfully
  &amp#27;[32mThen &amp#27;[0m&amp#27;[32mcheckout&amp#27;[0m                                                               &amp#27;[90m# cucumberDemo.stepDef.LoginStepdef.checkout()&amp#27;[0m
]]></system-out>
    <system-err><![CDATA[Starting ChromeDriver 114.0.5735.90 (386bc09e8f4f2e025eddae123f36f6263096ae49-refs/branch-heads/5735@{#1052}) on port 27341
Only local connections are allowed.
Please see https://chromedriver.chromium.org/security-considerations for suggestions on keeping ChromeDriver safe.
ChromeDriver was started successfully.
Jul 14, 2023 5:33:25 PM org.openqa.selenium.devtools.CdpVersionFinder findNearestMatch
WARNING: Unable to find an exact match for CDP version 114, so returning the closest version found: 113
]]></system-err>
  </testcase>
</testsuite>